<?xml version="1.0" encoding="UTF-8"?>
<testsuites>
  <testsuite name="C:\xampp\htdocs\MSN-Haushaltswaren\phpunit.xml.dist" tests="5" assertions="3" errors="2" failures="0" skipped="0" time="0.007952">
    <testsuite name="App" tests="5" assertions="3" errors="2" failures="0" skipped="0" time="0.007952">
      <testsuite name="ExampleDatabaseTest" file="C:\xampp\htdocs\MSN-Haushaltswaren\tests\database\ExampleDatabaseTest.php" tests="2" assertions="0" errors="2" failures="0" skipped="0" time="0.000000">
        <testcase name="testModelFindAll" file="C:\xampp\htdocs\MSN-Haushaltswaren\tests\database\ExampleDatabaseTest.php" line="17" class="ExampleDatabaseTest" classname="ExampleDatabaseTest" assertions="0" time="0.000000">
          <error type="CodeIgniter\Exceptions\CriticalError">ExampleDatabaseTest::testModelFindAll&#13;
CodeIgniter\Exceptions\CriticalError: The required PHP extension "sqlite3" is not loaded. Install and enable it to use "SQLite3" driver.
&#13;
C:\xampp\htdocs\MSN-Haushaltswaren\system\Database\Database.php:182
C:\xampp\htdocs\MSN-Haushaltswaren\system\Database\Database.php:59
C:\xampp\htdocs\MSN-Haushaltswaren\system\Database\Config.php:84
C:\xampp\htdocs\MSN-Haushaltswaren\system\Test\DatabaseTestTrait.php:82
C:\xampp\htdocs\MSN-Haushaltswaren\system\Test\DatabaseTestTrait.php:59
C:\xampp\htdocs\MSN-Haushaltswaren\system\Test\CIUnitTestCase.php:251</error>
        </testcase>
        <testcase name="testSoftDeleteLeavesRow" file="C:\xampp\htdocs\MSN-Haushaltswaren\tests\database\ExampleDatabaseTest.php" line="28" class="ExampleDatabaseTest" classname="ExampleDatabaseTest" assertions="0" time="0.000000">
          <error type="CodeIgniter\Exceptions\CriticalError">ExampleDatabaseTest::testSoftDeleteLeavesRow&#13;
CodeIgniter\Exceptions\CriticalError: The required PHP extension "sqlite3" is not loaded. Install and enable it to use "SQLite3" driver.
&#13;
C:\xampp\htdocs\MSN-Haushaltswaren\system\Database\Database.php:182
C:\xampp\htdocs\MSN-Haushaltswaren\system\Database\Database.php:59
C:\xampp\htdocs\MSN-Haushaltswaren\system\Database\Config.php:84
C:\xampp\htdocs\MSN-Haushaltswaren\system\Test\DatabaseTestTrait.php:82
C:\xampp\htdocs\MSN-Haushaltswaren\system\Test\DatabaseTestTrait.php:59
C:\xampp\htdocs\MSN-Haushaltswaren\system\Test\CIUnitTestCase.php:251</error>
        </testcase>
      </testsuite>
      <testsuite name="ExampleSessionTest" file="C:\xampp\htdocs\MSN-Haushaltswaren\tests\session\ExampleSessionTest.php" tests="1" assertions="1" errors="0" failures="0" skipped="0" time="0.001657">
        <testcase name="testSessionSimple" file="C:\xampp\htdocs\MSN-Haushaltswaren\tests\session\ExampleSessionTest.php" line="11" class="ExampleSessionTest" classname="ExampleSessionTest" assertions="1" time="0.001657"/>
      </testsuite>
      <testsuite name="HealthTest" file="C:\xampp\htdocs\MSN-Haushaltswaren\tests\unit\HealthTest.php" tests="2" assertions="2" errors="0" failures="0" skipped="0" time="0.006296">
        <testcase name="testIsDefinedAppPath" file="C:\xampp\htdocs\MSN-Haushaltswaren\tests\unit\HealthTest.php" line="13" class="HealthTest" classname="HealthTest" assertions="1" time="0.000770"/>
        <testcase name="testBaseUrlHasBeenSet" file="C:\xampp\htdocs\MSN-Haushaltswaren\tests\unit\HealthTest.php" line="18" class="HealthTest" classname="HealthTest" assertions="1" time="0.005526"/>
      </testsuite>
    </testsuite>
  </testsuite>
</testsuites>
